<?xml version="1.0" encoding="UTF-8"?>
<!-- Generated by org.testng.reporters.JUnitXMLReporter -->
<testsuite hostname="DESKTOP-GEB72TL" ignored="0" name="Default test" tests="5" failures="0" timestamp="2020-01-13T04:42:36 EST" time="18.359" errors="0">
  <testcase name="verifyLandingPageTitle" time="10.808" classname="com.ww.assessment.jyostna.com.questions.WebDriverTests"/>
  <testcase name="verifyFindAStudioPageTitle" time="4.169" classname="com.ww.assessment.jyostna.com.questions.WebDriverTests"/>
  <testcase name="verifyFindAStudioSearchResult1" time="1.82" classname="com.ww.assessment.jyostna.com.questions.WebDriverTests"/>
  <testcase name="PrintTodaysHrsOfOperation" time="0.803" classname="com.ww.assessment.jyostna.com.questions.WebDriverTests"/>
  <testcase name="printMeetings" time="0.65" classname="com.ww.assessment.jyostna.com.questions.WebDriverTests"/>
</testsuite> <!-- Default test -->
