<?xml version="1.0" encoding="UTF-8"?>
<!-- Generated by org.testng.reporters.JUnitXMLReporter -->
<testsuite hostname="DESKTOP-GEB72TL" ignored="0" name="Test" tests="5" failures="0" timestamp="2020-01-13T23:12:47 EST" time="19.971" errors="0">
  <testcase name="verifyLandingPageTitle" time="12.206" classname="com.ww.assessment.jyostna.com.questions.WebDriverTests"/>
  <testcase name="verifyFindAStudioPageTitle" time="4.433" classname="com.ww.assessment.jyostna.com.questions.WebDriverTests"/>
  <testcase name="verifyFindAStudioSearchResult1" time="2.159" classname="com.ww.assessment.jyostna.com.questions.WebDriverTests"/>
  <testcase name="PrintTodaysHrsOfOperation" time="0.611" classname="com.ww.assessment.jyostna.com.questions.WebDriverTests"/>
  <testcase name="printMeetings" time="0.484" classname="com.ww.assessment.jyostna.com.questions.WebDriverTests"/>
</testsuite> <!-- Test -->
