<?xml version="1.0" encoding="UTF-8"?>
<testng-results skipped="0" failed="0" ignored="0" total="5" passed="5">
  <reporter-output>
  </reporter-output>
  <suite name="Default suite" duration-ms="18359" started-at="2020-01-13T04:42:18 EST" finished-at="2020-01-13T04:42:36 EST">
    <groups>
    </groups>
    <test name="Default test" duration-ms="18359" started-at="2020-01-13T04:42:18 EST" finished-at="2020-01-13T04:42:36 EST">
      <class name="com.ww.assessment.jyostna.com.questions.WebDriverTests">
        <test-method status="PASS" signature="verifyLandingPageTitle()[pri:1, instance:com.ww.assessment.jyostna.com.questions.WebDriverTests@68bbe345]" name="verifyLandingPageTitle" duration-ms="10808" started-at="2020-01-13T04:42:18 EST" finished-at="2020-01-13T04:42:29 EST">
          <reporter-output>
          </reporter-output>
        </test-method> <!-- verifyLandingPageTitle -->
        <test-method status="PASS" signature="verifyFindAStudioPageTitle()[pri:2, instance:com.ww.assessment.jyostna.com.questions.WebDriverTests@68bbe345]" name="verifyFindAStudioPageTitle" duration-ms="4169" started-at="2020-01-13T04:42:29 EST" finished-at="2020-01-13T04:42:33 EST">
          <reporter-output>
          </reporter-output>
        </test-method> <!-- verifyFindAStudioPageTitle -->
        <test-method status="PASS" signature="verifyFindAStudioSearchResult1()[pri:3, instance:com.ww.assessment.jyostna.com.questions.WebDriverTests@68bbe345]" name="verifyFindAStudioSearchResult1" duration-ms="1820" started-at="2020-01-13T04:42:33 EST" finished-at="2020-01-13T04:42:35 EST">
          <reporter-output>
          </reporter-output>
        </test-method> <!-- verifyFindAStudioSearchResult1 -->
        <test-method status="PASS" signature="PrintTodaysHrsOfOperation()[pri:4, instance:com.ww.assessment.jyostna.com.questions.WebDriverTests@68bbe345]" name="PrintTodaysHrsOfOperation" duration-ms="803" started-at="2020-01-13T04:42:35 EST" finished-at="2020-01-13T04:42:36 EST">
          <reporter-output>
          </reporter-output>
        </test-method> <!-- PrintTodaysHrsOfOperation -->
        <test-method status="PASS" signature="printMeetings()[pri:5, instance:com.ww.assessment.jyostna.com.questions.WebDriverTests@68bbe345]" name="printMeetings" duration-ms="650" started-at="2020-01-13T04:42:36 EST" finished-at="2020-01-13T04:42:36 EST">
          <reporter-output>
          </reporter-output>
        </test-method> <!-- printMeetings -->
      </class> <!-- com.ww.assessment.jyostna.com.questions.WebDriverTests -->
    </test> <!-- Default test -->
  </suite> <!-- Default suite -->
</testng-results>
